<?xml version="1.0" encoding="UTF-8"?>
<coverage generated="1662005800729" clover="3.2.0">
  <project timestamp="1662005800729" name="All files">
    <metrics statements="33" coveredstatements="24" conditionals="2" coveredconditionals="1" methods="19" coveredmethods="10" elements="54" coveredelements="35" complexity="0" loc="33" ncloc="33" packages="2" files="5" classes="5"/>
    <package name="testing-con-javascript">
      <metrics statements="15" coveredstatements="9" conditionals="2" coveredconditionals="1" methods="6" coveredmethods="2"/>
      <file name="statistics.js" path="C:\Users\Edgar\testing-con-javascript\statistics.js">
        <metrics statements="13" coveredstatements="7" conditionals="2" coveredconditionals="1" methods="5" coveredmethods="1"/>
        <line num="1" count="1" type="stmt"/>
        <line num="2" count="1" type="stmt"/>
        <line num="3" count="1" type="cond" truecount="1" falsecount="1"/>
        <line num="4" count="1" type="stmt"/>
        <line num="7" count="0" type="stmt"/>
        <line num="9" count="0" type="stmt"/>
        <line num="12" count="1" type="stmt"/>
        <line num="13" count="0" type="stmt"/>
        <line num="14" count="0" type="stmt"/>
        <line num="15" count="0" type="stmt"/>
        <line num="18" count="1" type="stmt"/>
        <line num="19" count="0" type="stmt"/>
        <line num="22" count="1" type="stmt"/>
      </file>
      <file name="sum.js" path="C:\Users\Edgar\testing-con-javascript\sum.js">
        <metrics statements="2" coveredstatements="2" conditionals="0" coveredconditionals="0" methods="1" coveredmethods="1"/>
        <line num="2" count="2" type="stmt"/>
        <line num="5" count="1" type="stmt"/>
      </file>
    </package>
    <package name="testing-con-javascript.utils">
      <metrics statements="18" coveredstatements="15" conditionals="0" coveredconditionals="0" methods="13" coveredmethods="8"/>
      <file name="api.js" path="C:\Users\Edgar\testing-con-javascript\utils\api.js">
        <metrics statements="7" coveredstatements="7" conditionals="0" coveredconditionals="0" methods="2" coveredmethods="2"/>
        <line num="1" count="1" type="stmt"/>
        <line num="3" count="1" type="stmt"/>
        <line num="5" count="1" type="stmt"/>
        <line num="6" count="3" type="stmt"/>
        <line num="9" count="1" type="stmt"/>
        <line num="10" count="1" type="stmt"/>
        <line num="13" count="1" type="stmt"/>
      </file>
      <file name="carrito.js" path="C:\Users\Edgar\testing-con-javascript\utils\carrito.js">
        <metrics statements="6" coveredstatements="3" conditionals="0" coveredconditionals="0" methods="7" coveredmethods="2"/>
        <line num="1" count="1" type="stmt"/>
        <line num="3" count="2" type="stmt"/>
        <line num="7" count="1" type="stmt"/>
        <line num="11" count="0" type="stmt"/>
        <line num="15" count="0" type="stmt"/>
        <line num="19" count="0" type="stmt"/>
      </file>
      <file name="users.js" path="C:\Users\Edgar\testing-con-javascript\utils\users.js">
        <metrics statements="5" coveredstatements="5" conditionals="0" coveredconditionals="0" methods="4" coveredmethods="4"/>
        <line num="2" count="1" type="stmt"/>
        <line num="3" count="1" type="stmt"/>
        <line num="7" count="1" type="stmt"/>
        <line num="11" count="1" type="stmt"/>
        <line num="15" count="1" type="stmt"/>
      </file>
    </package>
  </project>
</coverage>
