{"C:\\Users\\Edgar\\testing-con-javascript\\statistics.js": {"path":"C:\\Users\\Edgar\\testing-con-javascript\\statistics.js","statementMap":{"0":{"start":{"line":1,"column":23},"end":{"line":10,"column":1}},"1":{"start":{"line":2,"column":2},"end":{"line":2,"column":21}},"2":{"start":{"line":3,"column":2},"end":{"line":5,"column":3}},"3":{"start":{"line":4,"column":4},"end":{"line":4,"column":55}},"4":{"start":{"line":7,"column":23},"end":{"line":7,"column":100}},"5":{"start":{"line":7,"column":61},"end":{"line":7,"column":81}},"6":{"start":{"line":9,"column":2},"end":{"line":9,"column":22}},"7":{"start":{"line":12,"column":28},"end":{"line":16,"column":1}},"8":{"start":{"line":13,"column":19},"end":{"line":13,"column":43}},"9":{"start":{"line":14,"column":21},"end":{"line":14,"column":83}},"10":{"start":{"line":14,"column":43},"end":{"line":14,"column":82}},"11":{"start":{"line":15,"column":2},"end":{"line":15,"column":52}},"12":{"start":{"line":18,"column":24},"end":{"line":20,"column":1}},"13":{"start":{"line":19,"column":2},"end":{"line":19,"column":25}},"14":{"start":{"line":22,"column":0},"end":{"line":26,"column":1}}},"fnMap":{"0":{"name":"promedio","decl":{"start":{"line":1,"column":32},"end":{"line":1,"column":40}},"loc":{"start":{"line":1,"column":51},"end":{"line":10,"column":1}},"line":1},"1":{"name":"(anonymous_1)","decl":{"start":{"line":7,"column":36},"end":{"line":7,"column":37}},"loc":{"start":{"line":7,"column":61},"end":{"line":7,"column":81}},"line":7},"2":{"name":"desviacionEstandard","decl":{"start":{"line":12,"column":37},"end":{"line":12,"column":56}},"loc":{"start":{"line":12,"column":67},"end":{"line":16,"column":1}},"line":12},"3":{"name":"(anonymous_3)","decl":{"start":{"line":14,"column":31},"end":{"line":14,"column":32}},"loc":{"start":{"line":14,"column":43},"end":{"line":14,"column":82}},"line":14},"4":{"name":"(anonymous_4)","decl":{"start":{"line":18,"column":24},"end":{"line":18,"column":25}},"loc":{"start":{"line":18,"column":48},"end":{"line":20,"column":1}},"line":18}},"branchMap":{"0":{"loc":{"start":{"line":3,"column":2},"end":{"line":5,"column":3}},"type":"if","locations":[{"start":{"line":3,"column":2},"end":{"line":5,"column":3}},{"start":{},"end":{}}],"line":3}},"s":{"0":1,"1":1,"2":1,"3":1,"4":0,"5":0,"6":0,"7":1,"8":0,"9":0,"10":0,"11":0,"12":1,"13":0,"14":1},"f":{"0":1,"1":0,"2":0,"3":0,"4":0},"b":{"0":[1,0]},"_coverageSchema":"1a1c01bbd47fc00a2c39e90264f33305004495a9","hash":"a3391828f0e4d03a6f03b311027eba25bebe2dc2"}
,"C:\\Users\\Edgar\\testing-con-javascript\\sum.js": {"path":"C:\\Users\\Edgar\\testing-con-javascript\\sum.js","statementMap":{"0":{"start":{"line":2,"column":4},"end":{"line":2,"column":17}},"1":{"start":{"line":5,"column":0},"end":{"line":5,"column":21}}},"fnMap":{"0":{"name":"sum","decl":{"start":{"line":1,"column":9},"end":{"line":1,"column":12}},"loc":{"start":{"line":1,"column":19},"end":{"line":3,"column":1}},"line":1}},"branchMap":{},"s":{"0":2,"1":1},"f":{"0":2},"b":{},"_coverageSchema":"1a1c01bbd47fc00a2c39e90264f33305004495a9","hash":"6e655adecf99f32b202ea569156ed1575184dcf1"}
,"C:\\Users\\Edgar\\testing-con-javascript\\utils\\api.js": {"path":"C:\\Users\\Edgar\\testing-con-javascript\\utils\\api.js","statementMap":{"0":{"start":{"line":1,"column":14},"end":{"line":1,"column":30}},"1":{"start":{"line":3,"column":17},"end":{"line":3,"column":38}},"2":{"start":{"line":5,"column":25},"end":{"line":7,"column":1}},"3":{"start":{"line":6,"column":2},"end":{"line":6,"column":45}},"4":{"start":{"line":9,"column":22},"end":{"line":11,"column":1}},"5":{"start":{"line":10,"column":2},"end":{"line":10,"column":45}},"6":{"start":{"line":13,"column":0},"end":{"line":16,"column":1}}},"fnMap":{"0":{"name":"(anonymous_0)","decl":{"start":{"line":5,"column":25},"end":{"line":5,"column":26}},"loc":{"start":{"line":5,"column":31},"end":{"line":7,"column":1}},"line":5},"1":{"name":"(anonymous_1)","decl":{"start":{"line":9,"column":22},"end":{"line":9,"column":23}},"loc":{"start":{"line":9,"column":28},"end":{"line":11,"column":1}},"line":9}},"branchMap":{},"s":{"0":1,"1":1,"2":1,"3":3,"4":1,"5":1,"6":1},"f":{"0":3,"1":1},"b":{},"_coverageSchema":"1a1c01bbd47fc00a2c39e90264f33305004495a9","hash":"f5eb116f5cccd0dc80f69d74440bf8ea9510b046"}
,"C:\\Users\\Edgar\\testing-con-javascript\\utils\\carrito.js": {"path":"C:\\Users\\Edgar\\testing-con-javascript\\utils\\carrito.js","statementMap":{"0":{"start":{"line":1,"column":0},"end":{"line":23,"column":1}},"1":{"start":{"line":3,"column":4},"end":{"line":3,"column":20}},"2":{"start":{"line":7,"column":4},"end":{"line":7,"column":29}},"3":{"start":{"line":11,"column":4},"end":{"line":11,"column":67}},"4":{"start":{"line":11,"column":43},"end":{"line":11,"column":65}},"5":{"start":{"line":15,"column":4},"end":{"line":15,"column":29}},"6":{"start":{"line":19,"column":4},"end":{"line":19,"column":67}},"7":{"start":{"line":19,"column":45},"end":{"line":19,"column":62}}},"fnMap":{"0":{"name":"(anonymous_0)","decl":{"start":{"line":2,"column":2},"end":{"line":2,"column":3}},"loc":{"start":{"line":2,"column":16},"end":{"line":4,"column":3}},"line":2},"1":{"name":"(anonymous_1)","decl":{"start":{"line":6,"column":2},"end":{"line":6,"column":3}},"loc":{"start":{"line":6,"column":22},"end":{"line":8,"column":3}},"line":6},"2":{"name":"(anonymous_2)","decl":{"start":{"line":10,"column":2},"end":{"line":10,"column":3}},"loc":{"start":{"line":10,"column":25},"end":{"line":12,"column":3}},"line":10},"3":{"name":"(anonymous_3)","decl":{"start":{"line":11,"column":35},"end":{"line":11,"column":36}},"loc":{"start":{"line":11,"column":43},"end":{"line":11,"column":65}},"line":11},"4":{"name":"(anonymous_4)","decl":{"start":{"line":14,"column":2},"end":{"line":14,"column":3}},"loc":{"start":{"line":14,"column":18},"end":{"line":16,"column":3}},"line":14},"5":{"name":"(anonymous_5)","decl":{"start":{"line":18,"column":2},"end":{"line":18,"column":3}},"loc":{"start":{"line":18,"column":21},"end":{"line":20,"column":3}},"line":18},"6":{"name":"(anonymous_6)","decl":{"start":{"line":19,"column":29},"end":{"line":19,"column":30}},"loc":{"start":{"line":19,"column":45},"end":{"line":19,"column":62}},"line":19}},"branchMap":{},"s":{"0":1,"1":2,"2":1,"3":0,"4":0,"5":0,"6":0,"7":0},"f":{"0":2,"1":1,"2":0,"3":0,"4":0,"5":0,"6":0},"b":{},"_coverageSchema":"1a1c01bbd47fc00a2c39e90264f33305004495a9","hash":"5b93e06f3bb2a1ca8d3ce787c31998ba050593e3"}
,"C:\\Users\\Edgar\\testing-con-javascript\\utils\\users.js": {"path":"C:\\Users\\Edgar\\testing-con-javascript\\utils\\users.js","statementMap":{"0":{"start":{"line":2,"column":14},"end":{"line":2,"column":30}},"1":{"start":{"line":3,"column":17},"end":{"line":3,"column":55}},"2":{"start":{"line":7,"column":4},"end":{"line":7,"column":74}},"3":{"start":{"line":7,"column":59},"end":{"line":7,"column":72}},"4":{"start":{"line":11,"column":4},"end":{"line":11,"column":80}},"5":{"start":{"line":11,"column":66},"end":{"line":11,"column":79}},"6":{"start":{"line":15,"column":0},"end":{"line":15,"column":22}}},"fnMap":{"0":{"name":"(anonymous_0)","decl":{"start":{"line":6,"column":2},"end":{"line":6,"column":3}},"loc":{"start":{"line":6,"column":15},"end":{"line":8,"column":3}},"line":6},"1":{"name":"(anonymous_1)","decl":{"start":{"line":7,"column":47},"end":{"line":7,"column":48}},"loc":{"start":{"line":7,"column":59},"end":{"line":7,"column":72}},"line":7},"2":{"name":"(anonymous_2)","decl":{"start":{"line":10,"column":2},"end":{"line":10,"column":3}},"loc":{"start":{"line":10,"column":22},"end":{"line":12,"column":3}},"line":10},"3":{"name":"(anonymous_3)","decl":{"start":{"line":11,"column":54},"end":{"line":11,"column":55}},"loc":{"start":{"line":11,"column":66},"end":{"line":11,"column":79}},"line":11}},"branchMap":{},"s":{"0":1,"1":1,"2":1,"3":1,"4":1,"5":1,"6":1},"f":{"0":1,"1":1,"2":1,"3":1},"b":{},"_coverageSchema":"1a1c01bbd47fc00a2c39e90264f33305004495a9","hash":"e69537e4e2eadf6213f384303d089528eae111b0"}
}
