TN:
SF:statistics.js
FN:1,promedio
FN:7,(anonymous_1)
FN:12,desviacionEstandard
FN:14,(anonymous_3)
FN:18,(anonymous_4)
FNF:5
FNH:1
FNDA:1,promedio
FNDA:0,(anonymous_1)
FNDA:0,desviacionEstandard
FNDA:0,(anonymous_3)
FNDA:0,(anonymous_4)
DA:1,1
DA:2,1
DA:3,1
DA:4,1
DA:7,0
DA:9,0
DA:12,1
DA:13,0
DA:14,0
DA:15,0
DA:18,1
DA:19,0
DA:22,1
LF:13
LH:7
BRDA:3,0,0,1
BRDA:3,0,1,0
BRF:2
BRH:1
end_of_record
TN:
SF:sum.js
FN:1,sum
FNF:1
FNH:1
FNDA:2,sum
DA:2,2
DA:5,1
LF:2
LH:2
BRF:0
BRH:0
end_of_record
TN:
SF:utils\api.js
FN:5,(anonymous_0)
FN:9,(anonymous_1)
FNF:2
FNH:2
FNDA:3,(anonymous_0)
FNDA:1,(anonymous_1)
DA:1,1
DA:3,1
DA:5,1
DA:6,3
DA:9,1
DA:10,1
DA:13,1
LF:7
LH:7
BRF:0
BRH:0
end_of_record
TN:
SF:utils\carrito.js
FN:2,(anonymous_0)
FN:6,(anonymous_1)
FN:10,(anonymous_2)
FN:11,(anonymous_3)
FN:14,(anonymous_4)
FN:18,(anonymous_5)
FN:19,(anonymous_6)
FNF:7
FNH:2
FNDA:2,(anonymous_0)
FNDA:1,(anonymous_1)
FNDA:0,(anonymous_2)
FNDA:0,(anonymous_3)
FNDA:0,(anonymous_4)
FNDA:0,(anonymous_5)
FNDA:0,(anonymous_6)
DA:1,1
DA:3,2
DA:7,1
DA:11,0
DA:15,0
DA:19,0
LF:6
LH:3
BRF:0
BRH:0
end_of_record
TN:
SF:utils\users.js
FN:6,(anonymous_0)
FN:7,(anonymous_1)
FN:10,(anonymous_2)
FN:11,(anonymous_3)
FNF:4
FNH:4
FNDA:1,(anonymous_0)
FNDA:1,(anonymous_1)
FNDA:1,(anonymous_2)
FNDA:1,(anonymous_3)
DA:2,1
DA:3,1
DA:7,1
DA:11,1
DA:15,1
LF:5
LH:5
BRF:0
BRH:0
end_of_record
